SF:lib\repository\agify_repository.dart
DA:8,2
DA:12,1
DA:13,2
DA:15,1
LF:4
LH:4
end_of_record
SF:lib\bloc\agify__event.dart
DA:4,3
DA:10,3
DA:14,1
DA:15,1
DA:16,1
LF:5
LH:5
end_of_record
SF:lib\bloc\agify__state.dart
DA:4,6
DA:6,1
DA:7,1
DA:15,3
DA:19,1
DA:20,2
LF:6
LH:6
end_of_record
SF:lib\bloc\agify__bloc.dart
DA:15,2
DA:18,4
DA:19,3
DA:20,2
DA:23,3
DA:25,2
DA:27,2
DA:29,2
LF:8
LH:8
end_of_record
SF:lib\di\di_provider.dart
DA:13,1
DA:14,2
DA:16,1
DA:19,1
DA:20,4
DA:23,1
DA:24,2
DA:27,1
DA:28,1
DA:29,2
DA:30,1
DA:33,1
DA:34,2
DA:35,1
DA:38,1
DA:39,2
DA:40,1
DA:47,3
DA:48,3
DA:50,3
DA:53,0
DA:54,0
LF:22
LH:20
end_of_record
SF:lib\main.dart
DA:8,0
DA:9,0
DA:13,9
DA:15,1
DA:17,1
DA:19,1
DA:20,1
DA:23,1
DA:24,2
DA:32,8
DA:34,1
DA:36,1
DA:37,1
DA:38,3
LF:14
LH:12
end_of_record
SF:lib\repository\api\agify_api_client.dart
DA:10,2
DA:14,1
DA:16,4
DA:18,3
LF:4
LH:4
end_of_record
SF:lib\widgets\agify_form.dart
DA:9,9
DA:11,2
DA:12,2
DA:19,2
DA:21,2
DA:23,4
DA:25,6
DA:28,1
DA:29,3
DA:31,2
DA:32,2
DA:33,3
DA:36,2
DA:38,2
DA:40,2
DA:41,2
DA:43,2
DA:45,2
DA:46,2
DA:47,2
DA:48,2
DA:51,2
DA:53,2
DA:55,6
DA:58,2
DA:60,2
DA:61,2
DA:63,3
DA:64,0
DA:67,2
DA:69,2
DA:70,2
DA:71,2
DA:72,2
DA:73,2
DA:74,2
DA:75,4
LF:37
LH:36
end_of_record
SF:lib\widgets\agify_form_wrapper.dart
DA:11,9
DA:16,2
DA:18,2
DA:19,2
DA:20,1
DA:21,1
DA:22,1
DA:24,2
DA:28,1
DA:29,1
DA:31,3
DA:35,2
LF:12
LH:12
end_of_record
SF:lib\repository\api\models\agify_dto.dart
DA:15,3
DA:21,2
DA:23,1
DA:24,1
DA:25,1
DA:26,1
DA:27,1
LF:7
LH:7
end_of_record
SF:lib\repository\api\models\agify_dto.g.dart
DA:9,2
DA:10,1
DA:11,2
DA:12,2
LF:4
LH:4
end_of_record
SF:lib\widgets\agify_dialog.dart
DA:7,10
DA:12,2
DA:17,4
DA:18,2
DA:22,2
DA:24,2
DA:25,4
DA:26,4
DA:27,2
DA:28,2
DA:29,3
LF:11
LH:11
end_of_record
SF:lib\widgets\agify_form_submit.dart
DA:8,3
DA:15,3
DA:16,3
DA:22,3
DA:24,3
DA:26,12
DA:27,12
DA:30,3
DA:32,3
DA:34,12
DA:37,1
DA:38,3
DA:40,2
DA:41,1
DA:45,3
DA:47,12
DA:49,3
DA:50,4
DA:51,6
LF:19
LH:19
end_of_record
